<?xml version="1.0" encoding="UTF-8"?>
<testsuite xmlns:xsi="http://www.w3.org/2001/XMLSchema-instance" xsi:noNamespaceSchemaLocation="https://maven.apache.org/surefire/maven-surefire-plugin/xsd/surefire-test-report.xsd" name="tests.ProfilePageTests" time="67.835" tests="8" errors="1" skipped="0" failures="0">
  <properties>
    <property name="java.specification.version" value="22"/>
    <property name="sun.jnu.encoding" value="UTF-8"/>
    <property name="java.class.path" value="/Users/verbitskayam/IdeaProjects/diplom/QA-java-diplom-3/target/test-classes:/Users/verbitskayam/IdeaProjects/diplom/QA-java-diplom-3/target/classes:/Users/verbitskayam/.m2/repository/org/seleniumhq/selenium/selenium-java/4.20.0/selenium-java-4.20.0.jar:/Users/verbitskayam/.m2/repository/org/seleniumhq/selenium/selenium-api/4.20.0/selenium-api-4.20.0.jar:/Users/verbitskayam/.m2/repository/org/seleniumhq/selenium/selenium-devtools-v122/4.20.0/selenium-devtools-v122-4.20.0.jar:/Users/verbitskayam/.m2/repository/org/seleniumhq/selenium/selenium-devtools-v123/4.20.0/selenium-devtools-v123-4.20.0.jar:/Users/verbitskayam/.m2/repository/org/seleniumhq/selenium/selenium-devtools-v124/4.20.0/selenium-devtools-v124-4.20.0.jar:/Users/verbitskayam/.m2/repository/org/seleniumhq/selenium/selenium-devtools-v85/4.20.0/selenium-devtools-v85-4.20.0.jar:/Users/verbitskayam/.m2/repository/org/seleniumhq/selenium/selenium-edge-driver/4.20.0/selenium-edge-driver-4.20.0.jar:/Users/verbitskayam/.m2/repository/org/seleniumhq/selenium/selenium-firefox-driver/4.20.0/selenium-firefox-driver-4.20.0.jar:/Users/verbitskayam/.m2/repository/org/seleniumhq/selenium/selenium-http/4.20.0/selenium-http-4.20.0.jar:/Users/verbitskayam/.m2/repository/dev/failsafe/failsafe/3.3.2/failsafe-3.3.2.jar:/Users/verbitskayam/.m2/repository/org/seleniumhq/selenium/selenium-ie-driver/4.20.0/selenium-ie-driver-4.20.0.jar:/Users/verbitskayam/.m2/repository/org/seleniumhq/selenium/selenium-remote-driver/4.20.0/selenium-remote-driver-4.20.0.jar:/Users/verbitskayam/.m2/repository/com/google/guava/guava/33.1.0-jre/guava-33.1.0-jre.jar:/Users/verbitskayam/.m2/repository/com/google/guava/failureaccess/1.0.2/failureaccess-1.0.2.jar:/Users/verbitskayam/.m2/repository/com/google/guava/listenablefuture/9999.0-empty-to-avoid-conflict-with-guava/listenablefuture-9999.0-empty-to-avoid-conflict-with-guava.jar:/Users/verbitskayam/.m2/repository/com/google/code/findbugs/jsr305/3.0.2/jsr305-3.0.2.jar:/Users/verbitskayam/.m2/repository/org/checkerframework/checker-qual/3.42.0/checker-qual-3.42.0.jar:/Users/verbitskayam/.m2/repository/com/google/errorprone/error_prone_annotations/2.26.1/error_prone_annotations-2.26.1.jar:/Users/verbitskayam/.m2/repository/com/google/j2objc/j2objc-annotations/3.0.0/j2objc-annotations-3.0.0.jar:/Users/verbitskayam/.m2/repository/io/opentelemetry/semconv/opentelemetry-semconv/1.25.0-alpha/opentelemetry-semconv-1.25.0-alpha.jar:/Users/verbitskayam/.m2/repository/io/opentelemetry/opentelemetry-api/1.37.0/opentelemetry-api-1.37.0.jar:/Users/verbitskayam/.m2/repository/io/opentelemetry/opentelemetry-context/1.37.0/opentelemetry-context-1.37.0.jar:/Users/verbitskayam/.m2/repository/io/opentelemetry/opentelemetry-exporter-logging/1.37.0/opentelemetry-exporter-logging-1.37.0.jar:/Users/verbitskayam/.m2/repository/io/opentelemetry/opentelemetry-sdk-common/1.37.0/opentelemetry-sdk-common-1.37.0.jar:/Users/verbitskayam/.m2/repository/io/opentelemetry/opentelemetry-sdk-extension-autoconfigure-spi/1.37.0/opentelemetry-sdk-extension-autoconfigure-spi-1.37.0.jar:/Users/verbitskayam/.m2/repository/io/opentelemetry/opentelemetry-sdk-extension-autoconfigure/1.37.0/opentelemetry-sdk-extension-autoconfigure-1.37.0.jar:/Users/verbitskayam/.m2/repository/io/opentelemetry/opentelemetry-api-incubator/1.37.0-alpha/opentelemetry-api-incubator-1.37.0-alpha.jar:/Users/verbitskayam/.m2/repository/io/opentelemetry/opentelemetry-sdk-trace/1.37.0/opentelemetry-sdk-trace-1.37.0.jar:/Users/verbitskayam/.m2/repository/io/opentelemetry/opentelemetry-sdk/1.37.0/opentelemetry-sdk-1.37.0.jar:/Users/verbitskayam/.m2/repository/io/opentelemetry/opentelemetry-sdk-metrics/1.37.0/opentelemetry-sdk-metrics-1.37.0.jar:/Users/verbitskayam/.m2/repository/io/opentelemetry/opentelemetry-sdk-logs/1.37.0/opentelemetry-sdk-logs-1.37.0.jar:/Users/verbitskayam/.m2/repository/net/bytebuddy/byte-buddy/1.14.14/byte-buddy-1.14.14.jar:/Users/verbitskayam/.m2/repository/org/seleniumhq/selenium/selenium-os/4.20.0/selenium-os-4.20.0.jar:/Users/verbitskayam/.m2/repository/org/apache/commons/commons-exec/1.4.0/commons-exec-1.4.0.jar:/Users/verbitskayam/.m2/repository/org/seleniumhq/selenium/selenium-safari-driver/4.20.0/selenium-safari-driver-4.20.0.jar:/Users/verbitskayam/.m2/repository/org/seleniumhq/selenium/selenium-support/4.20.0/selenium-support-4.20.0.jar:/Users/verbitskayam/.m2/repository/org/seleniumhq/selenium/selenium-chrome-driver/4.20.0/selenium-chrome-driver-4.20.0.jar:/Users/verbitskayam/.m2/repository/com/google/auto/service/auto-service-annotations/1.1.1/auto-service-annotations-1.1.1.jar:/Users/verbitskayam/.m2/repository/org/seleniumhq/selenium/selenium-chromium-driver/4.20.0/selenium-chromium-driver-4.20.0.jar:/Users/verbitskayam/.m2/repository/org/seleniumhq/selenium/selenium-json/4.20.0/selenium-json-4.20.0.jar:/Users/verbitskayam/.m2/repository/org/seleniumhq/selenium/selenium-manager/4.20.0/selenium-manager-4.20.0.jar:/Users/verbitskayam/.m2/repository/junit/junit/4.13.2/junit-4.13.2.jar:/Users/verbitskayam/.m2/repository/org/hamcrest/hamcrest-core/1.3/hamcrest-core-1.3.jar:/Users/verbitskayam/.m2/repository/io/github/bonigarcia/webdrivermanager/4.4.3/webdrivermanager-4.4.3.jar:/Users/verbitskayam/.m2/repository/org/slf4j/slf4j-api/1.7.30/slf4j-api-1.7.30.jar:/Users/verbitskayam/.m2/repository/commons-io/commons-io/2.8.0/commons-io-2.8.0.jar:/Users/verbitskayam/.m2/repository/org/apache/commons/commons-lang3/3.12.0/commons-lang3-3.12.0.jar:/Users/verbitskayam/.m2/repository/org/apache/httpcomponents/client5/httpclient5/5.0.3/httpclient5-5.0.3.jar:/Users/verbitskayam/.m2/repository/org/apache/httpcomponents/core5/httpcore5/5.0.2/httpcore5-5.0.2.jar:/Users/verbitskayam/.m2/repository/org/apache/httpcomponents/core5/httpcore5-h2/5.0.2/httpcore5-h2-5.0.2.jar:/Users/verbitskayam/.m2/repository/commons-codec/commons-codec/1.13/commons-codec-1.13.jar:/Users/verbitskayam/.m2/repository/org/rauschig/jarchivelib/1.1.0/jarchivelib-1.1.0.jar:/Users/verbitskayam/.m2/repository/org/apache/commons/commons-compress/1.20/commons-compress-1.20.jar:/Users/verbitskayam/.m2/repository/org/jsoup/jsoup/1.13.1/jsoup-1.13.1.jar:/Users/verbitskayam/.m2/repository/io/rest-assured/rest-assured/5.3.0/rest-assured-5.3.0.jar:/Users/verbitskayam/.m2/repository/org/apache/groovy/groovy/4.0.6/groovy-4.0.6.jar:/Users/verbitskayam/.m2/repository/org/apache/groovy/groovy-xml/4.0.6/groovy-xml-4.0.6.jar:/Users/verbitskayam/.m2/repository/org/apache/httpcomponents/httpclient/4.5.13/httpclient-4.5.13.jar:/Users/verbitskayam/.m2/repository/org/apache/httpcomponents/httpcore/4.4.13/httpcore-4.4.13.jar:/Users/verbitskayam/.m2/repository/commons-logging/commons-logging/1.2/commons-logging-1.2.jar:/Users/verbitskayam/.m2/repository/org/apache/httpcomponents/httpmime/4.5.13/httpmime-4.5.13.jar:/Users/verbitskayam/.m2/repository/org/hamcrest/hamcrest/2.1/hamcrest-2.1.jar:/Users/verbitskayam/.m2/repository/org/ccil/cowan/tagsoup/tagsoup/1.2.1/tagsoup-1.2.1.jar:/Users/verbitskayam/.m2/repository/io/rest-assured/json-path/5.3.0/json-path-5.3.0.jar:/Users/verbitskayam/.m2/repository/org/apache/groovy/groovy-json/4.0.6/groovy-json-4.0.6.jar:/Users/verbitskayam/.m2/repository/io/rest-assured/rest-assured-common/5.3.0/rest-assured-common-5.3.0.jar:/Users/verbitskayam/.m2/repository/io/rest-assured/xml-path/5.3.0/xml-path-5.3.0.jar:/Users/verbitskayam/.m2/repository/io/qameta/allure/allure-junit4/2.21.0/allure-junit4-2.21.0.jar:/Users/verbitskayam/.m2/repository/io/qameta/allure/allure-java-commons/2.21.0/allure-java-commons-2.21.0.jar:/Users/verbitskayam/.m2/repository/io/qameta/allure/allure-model/2.21.0/allure-model-2.21.0.jar:/Users/verbitskayam/.m2/repository/io/qameta/allure/allure-rest-assured/2.21.0/allure-rest-assured-2.21.0.jar:/Users/verbitskayam/.m2/repository/io/qameta/allure/allure-attachments/2.21.0/allure-attachments-2.21.0.jar:/Users/verbitskayam/.m2/repository/org/freemarker/freemarker/2.3.31/freemarker-2.3.31.jar:/Users/verbitskayam/.m2/repository/com/google/code/gson/gson/2.10.1/gson-2.10.1.jar:/Users/verbitskayam/.m2/repository/org/projectlombok/lombok/1.18.30/lombok-1.18.30.jar:"/>
    <property name="java.vm.vendor" value="Homebrew"/>
    <property name="sun.arch.data.model" value="64"/>
    <property name="java.vendor.url" value="https://github.com/Homebrew/homebrew-core/issues"/>
    <property name="os.name" value="Mac OS X"/>
    <property name="java.vm.specification.version" value="22"/>
    <property name="sun.java.launcher" value="SUN_STANDARD"/>
    <property name="user.country" value="RU"/>
    <property name="sun.boot.library.path" value="/opt/homebrew/Cellar/openjdk/22.0.2/libexec/openjdk.jdk/Contents/Home/lib"/>
    <property name="sun.java.command" value="/Users/verbitskayam/IdeaProjects/diplom/QA-java-diplom-3/target/surefire/surefirebooter17078255283271986903.jar /Users/verbitskayam/IdeaProjects/diplom/QA-java-diplom-3/target/surefire 2024-09-18T00-22-13_885-jvmRun1 surefire9794836038253711558tmp surefire_03988970626873353890tmp"/>
    <property name="jdk.debug" value="release"/>
    <property name="surefire.test.class.path" value="/Users/verbitskayam/IdeaProjects/diplom/QA-java-diplom-3/target/test-classes:/Users/verbitskayam/IdeaProjects/diplom/QA-java-diplom-3/target/classes:/Users/verbitskayam/.m2/repository/org/seleniumhq/selenium/selenium-java/4.20.0/selenium-java-4.20.0.jar:/Users/verbitskayam/.m2/repository/org/seleniumhq/selenium/selenium-api/4.20.0/selenium-api-4.20.0.jar:/Users/verbitskayam/.m2/repository/org/seleniumhq/selenium/selenium-devtools-v122/4.20.0/selenium-devtools-v122-4.20.0.jar:/Users/verbitskayam/.m2/repository/org/seleniumhq/selenium/selenium-devtools-v123/4.20.0/selenium-devtools-v123-4.20.0.jar:/Users/verbitskayam/.m2/repository/org/seleniumhq/selenium/selenium-devtools-v124/4.20.0/selenium-devtools-v124-4.20.0.jar:/Users/verbitskayam/.m2/repository/org/seleniumhq/selenium/selenium-devtools-v85/4.20.0/selenium-devtools-v85-4.20.0.jar:/Users/verbitskayam/.m2/repository/org/seleniumhq/selenium/selenium-edge-driver/4.20.0/selenium-edge-driver-4.20.0.jar:/Users/verbitskayam/.m2/repository/org/seleniumhq/selenium/selenium-firefox-driver/4.20.0/selenium-firefox-driver-4.20.0.jar:/Users/verbitskayam/.m2/repository/org/seleniumhq/selenium/selenium-http/4.20.0/selenium-http-4.20.0.jar:/Users/verbitskayam/.m2/repository/dev/failsafe/failsafe/3.3.2/failsafe-3.3.2.jar:/Users/verbitskayam/.m2/repository/org/seleniumhq/selenium/selenium-ie-driver/4.20.0/selenium-ie-driver-4.20.0.jar:/Users/verbitskayam/.m2/repository/org/seleniumhq/selenium/selenium-remote-driver/4.20.0/selenium-remote-driver-4.20.0.jar:/Users/verbitskayam/.m2/repository/com/google/guava/guava/33.1.0-jre/guava-33.1.0-jre.jar:/Users/verbitskayam/.m2/repository/com/google/guava/failureaccess/1.0.2/failureaccess-1.0.2.jar:/Users/verbitskayam/.m2/repository/com/google/guava/listenablefuture/9999.0-empty-to-avoid-conflict-with-guava/listenablefuture-9999.0-empty-to-avoid-conflict-with-guava.jar:/Users/verbitskayam/.m2/repository/com/google/code/findbugs/jsr305/3.0.2/jsr305-3.0.2.jar:/Users/verbitskayam/.m2/repository/org/checkerframework/checker-qual/3.42.0/checker-qual-3.42.0.jar:/Users/verbitskayam/.m2/repository/com/google/errorprone/error_prone_annotations/2.26.1/error_prone_annotations-2.26.1.jar:/Users/verbitskayam/.m2/repository/com/google/j2objc/j2objc-annotations/3.0.0/j2objc-annotations-3.0.0.jar:/Users/verbitskayam/.m2/repository/io/opentelemetry/semconv/opentelemetry-semconv/1.25.0-alpha/opentelemetry-semconv-1.25.0-alpha.jar:/Users/verbitskayam/.m2/repository/io/opentelemetry/opentelemetry-api/1.37.0/opentelemetry-api-1.37.0.jar:/Users/verbitskayam/.m2/repository/io/opentelemetry/opentelemetry-context/1.37.0/opentelemetry-context-1.37.0.jar:/Users/verbitskayam/.m2/repository/io/opentelemetry/opentelemetry-exporter-logging/1.37.0/opentelemetry-exporter-logging-1.37.0.jar:/Users/verbitskayam/.m2/repository/io/opentelemetry/opentelemetry-sdk-common/1.37.0/opentelemetry-sdk-common-1.37.0.jar:/Users/verbitskayam/.m2/repository/io/opentelemetry/opentelemetry-sdk-extension-autoconfigure-spi/1.37.0/opentelemetry-sdk-extension-autoconfigure-spi-1.37.0.jar:/Users/verbitskayam/.m2/repository/io/opentelemetry/opentelemetry-sdk-extension-autoconfigure/1.37.0/opentelemetry-sdk-extension-autoconfigure-1.37.0.jar:/Users/verbitskayam/.m2/repository/io/opentelemetry/opentelemetry-api-incubator/1.37.0-alpha/opentelemetry-api-incubator-1.37.0-alpha.jar:/Users/verbitskayam/.m2/repository/io/opentelemetry/opentelemetry-sdk-trace/1.37.0/opentelemetry-sdk-trace-1.37.0.jar:/Users/verbitskayam/.m2/repository/io/opentelemetry/opentelemetry-sdk/1.37.0/opentelemetry-sdk-1.37.0.jar:/Users/verbitskayam/.m2/repository/io/opentelemetry/opentelemetry-sdk-metrics/1.37.0/opentelemetry-sdk-metrics-1.37.0.jar:/Users/verbitskayam/.m2/repository/io/opentelemetry/opentelemetry-sdk-logs/1.37.0/opentelemetry-sdk-logs-1.37.0.jar:/Users/verbitskayam/.m2/repository/net/bytebuddy/byte-buddy/1.14.14/byte-buddy-1.14.14.jar:/Users/verbitskayam/.m2/repository/org/seleniumhq/selenium/selenium-os/4.20.0/selenium-os-4.20.0.jar:/Users/verbitskayam/.m2/repository/org/apache/commons/commons-exec/1.4.0/commons-exec-1.4.0.jar:/Users/verbitskayam/.m2/repository/org/seleniumhq/selenium/selenium-safari-driver/4.20.0/selenium-safari-driver-4.20.0.jar:/Users/verbitskayam/.m2/repository/org/seleniumhq/selenium/selenium-support/4.20.0/selenium-support-4.20.0.jar:/Users/verbitskayam/.m2/repository/org/seleniumhq/selenium/selenium-chrome-driver/4.20.0/selenium-chrome-driver-4.20.0.jar:/Users/verbitskayam/.m2/repository/com/google/auto/service/auto-service-annotations/1.1.1/auto-service-annotations-1.1.1.jar:/Users/verbitskayam/.m2/repository/org/seleniumhq/selenium/selenium-chromium-driver/4.20.0/selenium-chromium-driver-4.20.0.jar:/Users/verbitskayam/.m2/repository/org/seleniumhq/selenium/selenium-json/4.20.0/selenium-json-4.20.0.jar:/Users/verbitskayam/.m2/repository/org/seleniumhq/selenium/selenium-manager/4.20.0/selenium-manager-4.20.0.jar:/Users/verbitskayam/.m2/repository/junit/junit/4.13.2/junit-4.13.2.jar:/Users/verbitskayam/.m2/repository/org/hamcrest/hamcrest-core/1.3/hamcrest-core-1.3.jar:/Users/verbitskayam/.m2/repository/io/github/bonigarcia/webdrivermanager/4.4.3/webdrivermanager-4.4.3.jar:/Users/verbitskayam/.m2/repository/org/slf4j/slf4j-api/1.7.30/slf4j-api-1.7.30.jar:/Users/verbitskayam/.m2/repository/commons-io/commons-io/2.8.0/commons-io-2.8.0.jar:/Users/verbitskayam/.m2/repository/org/apache/commons/commons-lang3/3.12.0/commons-lang3-3.12.0.jar:/Users/verbitskayam/.m2/repository/org/apache/httpcomponents/client5/httpclient5/5.0.3/httpclient5-5.0.3.jar:/Users/verbitskayam/.m2/repository/org/apache/httpcomponents/core5/httpcore5/5.0.2/httpcore5-5.0.2.jar:/Users/verbitskayam/.m2/repository/org/apache/httpcomponents/core5/httpcore5-h2/5.0.2/httpcore5-h2-5.0.2.jar:/Users/verbitskayam/.m2/repository/commons-codec/commons-codec/1.13/commons-codec-1.13.jar:/Users/verbitskayam/.m2/repository/org/rauschig/jarchivelib/1.1.0/jarchivelib-1.1.0.jar:/Users/verbitskayam/.m2/repository/org/apache/commons/commons-compress/1.20/commons-compress-1.20.jar:/Users/verbitskayam/.m2/repository/org/jsoup/jsoup/1.13.1/jsoup-1.13.1.jar:/Users/verbitskayam/.m2/repository/io/rest-assured/rest-assured/5.3.0/rest-assured-5.3.0.jar:/Users/verbitskayam/.m2/repository/org/apache/groovy/groovy/4.0.6/groovy-4.0.6.jar:/Users/verbitskayam/.m2/repository/org/apache/groovy/groovy-xml/4.0.6/groovy-xml-4.0.6.jar:/Users/verbitskayam/.m2/repository/org/apache/httpcomponents/httpclient/4.5.13/httpclient-4.5.13.jar:/Users/verbitskayam/.m2/repository/org/apache/httpcomponents/httpcore/4.4.13/httpcore-4.4.13.jar:/Users/verbitskayam/.m2/repository/commons-logging/commons-logging/1.2/commons-logging-1.2.jar:/Users/verbitskayam/.m2/repository/org/apache/httpcomponents/httpmime/4.5.13/httpmime-4.5.13.jar:/Users/verbitskayam/.m2/repository/org/hamcrest/hamcrest/2.1/hamcrest-2.1.jar:/Users/verbitskayam/.m2/repository/org/ccil/cowan/tagsoup/tagsoup/1.2.1/tagsoup-1.2.1.jar:/Users/verbitskayam/.m2/repository/io/rest-assured/json-path/5.3.0/json-path-5.3.0.jar:/Users/verbitskayam/.m2/repository/org/apache/groovy/groovy-json/4.0.6/groovy-json-4.0.6.jar:/Users/verbitskayam/.m2/repository/io/rest-assured/rest-assured-common/5.3.0/rest-assured-common-5.3.0.jar:/Users/verbitskayam/.m2/repository/io/rest-assured/xml-path/5.3.0/xml-path-5.3.0.jar:/Users/verbitskayam/.m2/repository/io/qameta/allure/allure-junit4/2.21.0/allure-junit4-2.21.0.jar:/Users/verbitskayam/.m2/repository/io/qameta/allure/allure-java-commons/2.21.0/allure-java-commons-2.21.0.jar:/Users/verbitskayam/.m2/repository/io/qameta/allure/allure-model/2.21.0/allure-model-2.21.0.jar:/Users/verbitskayam/.m2/repository/io/qameta/allure/allure-rest-assured/2.21.0/allure-rest-assured-2.21.0.jar:/Users/verbitskayam/.m2/repository/io/qameta/allure/allure-attachments/2.21.0/allure-attachments-2.21.0.jar:/Users/verbitskayam/.m2/repository/org/freemarker/freemarker/2.3.31/freemarker-2.3.31.jar:/Users/verbitskayam/.m2/repository/com/google/code/gson/gson/2.10.1/gson-2.10.1.jar:/Users/verbitskayam/.m2/repository/org/projectlombok/lombok/1.18.30/lombok-1.18.30.jar:"/>
    <property name="allure.results.directory" value="/Users/verbitskayam/IdeaProjects/diplom/QA-java-diplom-3/target/allure-results"/>
    <property name="sun.cpu.endian" value="little"/>
    <property name="user.home" value="/Users/verbitskayam"/>
    <property name="user.language" value="ru"/>
    <property name="java.specification.vendor" value="Oracle Corporation"/>
    <property name="java.version.date" value="2024-07-16"/>
    <property name="java.home" value="/opt/homebrew/Cellar/openjdk/22.0.2/libexec/openjdk.jdk/Contents/Home"/>
    <property name="file.separator" value="/"/>
    <property name="basedir" value="/Users/verbitskayam/IdeaProjects/diplom/QA-java-diplom-3"/>
    <property name="java.vm.compressedOopsMode" value="Zero based"/>
    <property name="line.separator" value="&#10;"/>
    <property name="java.vm.specification.vendor" value="Oracle Corporation"/>
    <property name="java.specification.name" value="Java Platform API Specification"/>
    <property name="apple.awt.application.name" value="ForkedBooter"/>
    <property name="surefire.real.class.path" value="/Users/verbitskayam/IdeaProjects/diplom/QA-java-diplom-3/target/surefire/surefirebooter17078255283271986903.jar"/>
    <property name="sun.management.compiler" value="HotSpot 64-Bit Tiered Compilers"/>
    <property name="java.runtime.version" value="22.0.2"/>
    <property name="user.name" value="verbitskayam"/>
    <property name="stdout.encoding" value="UTF-8"/>
    <property name="path.separator" value=":"/>
    <property name="os.version" value="12.6.2"/>
    <property name="java.runtime.name" value="OpenJDK Runtime Environment"/>
    <property name="file.encoding" value="UTF-8"/>
    <property name="java.vm.name" value="OpenJDK 64-Bit Server VM"/>
    <property name="java.vendor.version" value="Homebrew"/>
    <property name="localRepository" value="/Users/verbitskayam/.m2/repository"/>
    <property name="java.vendor.url.bug" value="https://github.com/Homebrew/homebrew-core/issues"/>
    <property name="java.io.tmpdir" value="/var/folders/sr/m45y45dd69q8h_79697vyr2d72hhqr/T/"/>
    <property name="java.version" value="22.0.2"/>
    <property name="user.dir" value="/Users/verbitskayam/IdeaProjects/diplom/QA-java-diplom-3"/>
    <property name="os.arch" value="aarch64"/>
    <property name="java.vm.specification.name" value="Java Virtual Machine Specification"/>
    <property name="native.encoding" value="UTF-8"/>
    <property name="java.library.path" value="/Users/verbitskayam/Library/Java/Extensions:/Library/Java/Extensions:/Network/Library/Java/Extensions:/System/Library/Java/Extensions:/usr/lib/java:."/>
    <property name="java.vm.info" value="mixed mode, sharing"/>
    <property name="stderr.encoding" value="UTF-8"/>
    <property name="java.vendor" value="Homebrew"/>
    <property name="java.vm.version" value="22.0.2"/>
    <property name="sun.io.unicode.encoding" value="UnicodeBig"/>
    <property name="java.class.version" value="66.0"/>
  </properties>
  <testcase name="checkLinkLogOutIsSuccess[Browser chrome]" classname="tests.ProfilePageTests" time="6.285"/>
  <testcase name="checkLinkOnLogoIsSuccess[Browser chrome]" classname="tests.ProfilePageTests" time="6.86"/>
  <testcase name="checkLinkToProfileIsSuccess[Browser chrome]" classname="tests.ProfilePageTests" time="6.466"/>
  <testcase name="checkLinkToConstructorIsSuccess[Browser chrome]" classname="tests.ProfilePageTests" time="6.049"/>
  <testcase name="checkLinkLogOutIsSuccess[Browser firefox]" classname="tests.ProfilePageTests" time="12.189"/>
  <testcase name="checkLinkOnLogoIsSuccess[Browser firefox]" classname="tests.ProfilePageTests" time="9.664"/>
  <testcase name="checkLinkToProfileIsSuccess[Browser firefox]" classname="tests.ProfilePageTests" time="9.824"/>
  <testcase name="checkLinkToConstructorIsSuccess[Browser firefox]" classname="tests.ProfilePageTests" time="10.45">
    <error message="Element &lt;p class=&quot;AppHeader_header__linkText__3q_va ml-2&quot;&gt; is not clickable at point (304,44) because another element &lt;div class=&quot;Modal_modal_overlay__x2ZCr&quot;&gt; obscures it&#10;Build info: version: &apos;4.20.0&apos;, revision: &apos;866c76ca80&apos;&#10;System info: os.name: &apos;Mac OS X&apos;, os.arch: &apos;aarch64&apos;, os.version: &apos;12.6.2&apos;, java.version: &apos;22.0.2&apos;&#10;Driver info: org.openqa.selenium.firefox.FirefoxDriver&#10;Command: [ad1a95a1-fc55-4840-afe6-1cc021053cc3, clickElement {id=03f1ede1-2dba-4653-b928-b149b824aa96}]&#10;Capabilities {acceptInsecureCerts: true, browserName: firefox, browserVersion: 126.0, moz:accessibilityChecks: false, moz:buildID: 20240509170740, moz:debuggerAddress: 127.0.0.1:36633, moz:geckodriverVersion: 0.35.0, moz:headless: false, moz:platformVersion: 21.6.0, moz:processID: 49984, moz:profile: /var/folders/sr/m45y45dd69q..., moz:shutdownTimeout: 60000, moz:webdriverClick: true, moz:windowless: false, pageLoadStrategy: eager, platformName: mac, proxy: Proxy(), se:cdp: ws://127.0.0.1:36633/devtoo..., se:cdpVersion: 85.0, setWindowRect: true, strictFileInteractability: false, timeouts: {implicit: 0, pageLoad: 300000, script: 30000}, unhandledPromptBehavior: dismiss and notify, userAgent: Mozilla/5.0 (Macintosh; Int...}&#10;Element: [[FirefoxDriver: firefox on mac (ad1a95a1-fc55-4840-afe6-1cc021053cc3)] -&gt; xpath: .//p[starts-with(@class,&apos;AppHeader_header__linkText&apos;)]]&#10;Session ID: ad1a95a1-fc55-4840-afe6-1cc021053cc3" type="org.openqa.selenium.ElementClickInterceptedException"><![CDATA[org.openqa.selenium.ElementClickInterceptedException: 
Element <p class="AppHeader_header__linkText__3q_va ml-2"> is not clickable at point (304,44) because another element <div class="Modal_modal_overlay__x2ZCr"> obscures it
Build info: version: '4.20.0', revision: '866c76ca80'
System info: os.name: 'Mac OS X', os.arch: 'aarch64', os.version: '12.6.2', java.version: '22.0.2'
Driver info: org.openqa.selenium.firefox.FirefoxDriver
Command: [ad1a95a1-fc55-4840-afe6-1cc021053cc3, clickElement {id=03f1ede1-2dba-4653-b928-b149b824aa96}]
Capabilities {acceptInsecureCerts: true, browserName: firefox, browserVersion: 126.0, moz:accessibilityChecks: false, moz:buildID: 20240509170740, moz:debuggerAddress: 127.0.0.1:36633, moz:geckodriverVersion: 0.35.0, moz:headless: false, moz:platformVersion: 21.6.0, moz:processID: 49984, moz:profile: /var/folders/sr/m45y45dd69q..., moz:shutdownTimeout: 60000, moz:webdriverClick: true, moz:windowless: false, pageLoadStrategy: eager, platformName: mac, proxy: Proxy(), se:cdp: ws://127.0.0.1:36633/devtoo..., se:cdpVersion: 85.0, setWindowRect: true, strictFileInteractability: false, timeouts: {implicit: 0, pageLoad: 300000, script: 30000}, unhandledPromptBehavior: dismiss and notify, userAgent: Mozilla/5.0 (Macintosh; Int...}
Element: [[FirefoxDriver: firefox on mac (ad1a95a1-fc55-4840-afe6-1cc021053cc3)] -> xpath: .//p[starts-with(@class,'AppHeader_header__linkText')]]
Session ID: ad1a95a1-fc55-4840-afe6-1cc021053cc3
	at tests.ProfilePageTests.checkLinkToConstructorIsSuccess(ProfilePageTests.java:106)
]]></error>
  </testcase>
</testsuite>